[debug] [2022-08-28T17:24:42.041Z] ----------------------------------------------------------------------
[debug] [2022-08-28T17:24:42.043Z] Command:       C:\Program Files\nodejs\node.exe C:\Users\RS\AppData\Roaming\npm\node_modules\firebase-tools\lib\bin\firebase.js emulators:start --only auth
[debug] [2022-08-28T17:24:42.044Z] CLI Version:   10.8.0
[debug] [2022-08-28T17:24:42.044Z] Platform:      win32
[debug] [2022-08-28T17:24:42.044Z] Node Version:  v16.15.0
[debug] [2022-08-28T17:24:42.045Z] Time:          Sun Aug 28 2022 10:24:42 GMT-0700 (Pacific Daylight Time)
[debug] [2022-08-28T17:24:42.045Z] ----------------------------------------------------------------------
[debug] 
[debug] [2022-08-28T17:24:42.130Z] > command requires scopes: ["email","openid","https://www.googleapis.com/auth/cloudplatformprojects.readonly","https://www.googleapis.com/auth/firebase","https://www.googleapis.com/auth/cloud-platform"]
[debug] [2022-08-28T17:24:42.130Z] > authorizing via signed-in user (vandersarroman@gmail.com)
[info] i  emulators: Starting emulators: auth {"metadata":{"emulator":{"name":"hub"},"message":"Starting emulators: auth"}}
[debug] [2022-08-28T17:24:43.166Z] [hub] writing locator at C:\Users\RS\AppData\Local\Temp\hub-prompt-maker.json
[info] i  ui: downloading ui-v1.6.6.zip... {"metadata":{"emulator":{"name":"ui"},"message":"downloading ui-v1.6.6.zip..."}}
[debug] [2022-08-28T17:24:55.383Z] >>> [apiv2][query] GET https://storage.googleapis.com/firebase-preview-drop/emulator/ui-v1.6.6.zip 
[debug] [2022-08-28T17:24:55.443Z] <<< [apiv2][status] GET https://storage.googleapis.com/firebase-preview-drop/emulator/ui-v1.6.6.zip 200
[debug] [2022-08-28T17:24:55.443Z] <<< [apiv2][body] GET https://storage.googleapis.com/firebase-preview-drop/emulator/ui-v1.6.6.zip [stream]
[debug] [2022-08-28T17:24:57.102Z] Ignoring unsupported arg: auto_download {"metadata":{"emulator":{"name":"ui"},"message":"Ignoring unsupported arg: auto_download"}}
[debug] [2022-08-28T17:24:57.103Z] Ignoring unsupported arg: port {"metadata":{"emulator":{"name":"ui"},"message":"Ignoring unsupported arg: port"}}
[debug] [2022-08-28T17:24:57.103Z] Starting Emulator UI with command {"binary":"node","args":["C:\\Users\\RS\\.cache\\firebase\\emulators\\ui-v1.6.6\\server.bundle.js"],"optionalArgs":[],"joinArgs":false} {"metadata":{"emulator":{"name":"ui"},"message":"Starting Emulator UI with command {\"binary\":\"node\",\"args\":[\"C:\\\\Users\\\\RS\\\\.cache\\\\firebase\\\\emulators\\\\ui-v1.6.6\\\\server.bundle.js\"],\"optionalArgs\":[],\"joinArgs\":false}"}}
[info] i  ui: Emulator UI logging to ui-debug.log {"metadata":{"emulator":{"name":"ui"},"message":"Emulator UI logging to \u001b[1mui-debug.log\u001b[22m"}}
[debug] [2022-08-28T17:24:57.255Z] Web / API server started at localhost:4000
 {"metadata":{"emulator":{"name":"ui"},"message":"Web / API server started at localhost:4000\n"}}
[info] 
┌─────────────────────────────────────────────────────────────┐
│ ✔  All emulators ready! It is now safe to connect your app. │
│ i  View Emulator UI at http://localhost:4000                │
└─────────────────────────────────────────────────────────────┘

┌────────────────┬────────────────┬────────────────────────────┐
│ Emulator       │ Host:Port      │ View in Emulator UI        │
├────────────────┼────────────────┼────────────────────────────┤
│ Authentication │ localhost:9090 │ http://localhost:4000/auth │
└────────────────┴────────────────┴────────────────────────────┘
  Emulator Hub running at localhost:4400
  Other reserved ports: 4500

Issues? Report them at https://github.com/firebase/firebase-tools/issues and attach the *-debug.log files.
 
